<?xml version="1.0" encoding="UTF-8"?>
<testsuite xmlns:xsi="http://www.w3.org/2001/XMLSchema-instance" xsi:noNamespaceSchemaLocation="https://maven.apache.org/surefire/maven-surefire-plugin/xsd/surefire-test-report-3.0.xsd" version="3.0" name="org.mybatis.jpetstore.mapper.CategoryMapperTest" time="0.056" tests="2" errors="0" skipped="0" failures="0">
  <properties>
[...]
</properties>
  <testcase name="getCategoryList" classname="org.mybatis.jpetstore.mapper.CategoryMapperTest" time="0.019">
    <system-err><![CDATA[[main] INFO org.springframework.test.context.support.DefaultTestContextBootstrapper - Loaded default TestExecutionListener class names from location [META-INF/spring.factories]: [org.springframework.test.context.web.ServletTestExecutionListener, org.springframework.test.context.support.DirtiesContextBeforeModesTestExecutionListener, org.springframework.test.context.event.ApplicationEventsTestExecutionListener, org.springframework.test.context.support.DependencyInjectionTestExecutionListener, org.springframework.test.context.support.DirtiesContextTestExecutionListener, org.springframework.test.context.transaction.TransactionalTestExecutionListener, org.springframework.test.context.jdbc.SqlScriptsTestExecutionListener, org.springframework.test.context.event.EventPublishingTestExecutionListener]
[main] INFO org.springframework.test.context.support.DefaultTestContextBootstrapper - Using TestExecutionListeners: [org.springframework.test.context.web.ServletTestExecutionListener@1e084a26, org.springframework.test.context.support.DirtiesContextBeforeModesTestExecutionListener@31c31fa6, org.springframework.test.context.event.ApplicationEventsTestExecutionListener@70ebaa1e, org.springframework.test.context.support.DependencyInjectionTestExecutionListener@3d5e3f58, org.springframework.test.context.support.DirtiesContextTestExecutionListener@615b1baf, org.springframework.test.context.transaction.TransactionalTestExecutionListener@48cc060d, org.springframework.test.context.jdbc.SqlScriptsTestExecutionListener@65dafe50, org.springframework.test.context.event.EventPublishingTestExecutionListener@29b2a94c]
[main] INFO org.springframework.test.context.transaction.TransactionContext - Began transaction (1) for test context [DefaultTestContext@a4388f1 testClass = CategoryMapperTest, testInstance = org.mybatis.jpetstore.mapper.CategoryMapperTest@3687b83c, testMethod = getCategoryList@CategoryMapperTest, testException = [null], mergedContextConfiguration = [MergedContextConfiguration@4cbd17b3 testClass = CategoryMapperTest, locations = '{}', classes = '{class org.mybatis.jpetstore.mapper.MapperTestContext}', contextInitializerClasses = '[]', activeProfiles = '{}', propertySourceLocations = '{}', propertySourceProperties = '{}', contextCustomizers = set[[empty]], contextLoader = 'org.springframework.test.context.support.DelegatingSmartContextLoader', parent = [null]], attributes = map['org.springframework.test.context.event.ApplicationEventsTestExecutionListener.recordApplicationEvents' -> false]]; transaction manager [org.springframework.jdbc.datasource.DataSourceTransactionManager@51097500]; rollback [true]
[main] INFO org.springframework.test.context.transaction.TransactionContext - Rolled back transaction for test: [DefaultTestContext@a4388f1 testClass = CategoryMapperTest, testInstance = org.mybatis.jpetstore.mapper.CategoryMapperTest@3687b83c, testMethod = getCategoryList@CategoryMapperTest, testException = [null], mergedContextConfiguration = [MergedContextConfiguration@4cbd17b3 testClass = CategoryMapperTest, locations = '{}', classes = '{class org.mybatis.jpetstore.mapper.MapperTestContext}', contextInitializerClasses = '[]', activeProfiles = '{}', propertySourceLocations = '{}', propertySourceProperties = '{}', contextCustomizers = set[[empty]], contextLoader = 'org.springframework.test.context.support.DelegatingSmartContextLoader', parent = [null]], attributes = map['org.springframework.test.context.event.ApplicationEventsTestExecutionListener.recordApplicationEvents' -> false]]
]]></system-err>
  </testcase>
  <testcase name="getCategory" classname="org.mybatis.jpetstore.mapper.CategoryMapperTest" time="0.013">
    <system-err><![CDATA[[main] INFO org.springframework.test.context.transaction.TransactionContext - Began transaction (1) for test context [DefaultTestContext@a4388f1 testClass = CategoryMapperTest, testInstance = org.mybatis.jpetstore.mapper.CategoryMapperTest@7be3a837, testMethod = getCategory@CategoryMapperTest, testException = [null], mergedContextConfiguration = [MergedContextConfiguration@4cbd17b3 testClass = CategoryMapperTest, locations = '{}', classes = '{class org.mybatis.jpetstore.mapper.MapperTestContext}', contextInitializerClasses = '[]', activeProfiles = '{}', propertySourceLocations = '{}', propertySourceProperties = '{}', contextCustomizers = set[[empty]], contextLoader = 'org.springframework.test.context.support.DelegatingSmartContextLoader', parent = [null]], attributes = map['org.springframework.test.context.event.ApplicationEventsTestExecutionListener.recordApplicationEvents' -> false]]; transaction manager [org.springframework.jdbc.datasource.DataSourceTransactionManager@51097500]; rollback [true]
[main] INFO org.springframework.test.context.transaction.TransactionContext - Rolled back transaction for test: [DefaultTestContext@a4388f1 testClass = CategoryMapperTest, testInstance = org.mybatis.jpetstore.mapper.CategoryMapperTest@7be3a837, testMethod = getCategory@CategoryMapperTest, testException = [null], mergedContextConfiguration = [MergedContextConfiguration@4cbd17b3 testClass = CategoryMapperTest, locations = '{}', classes = '{class org.mybatis.jpetstore.mapper.MapperTestContext}', contextInitializerClasses = '[]', activeProfiles = '{}', propertySourceLocations = '{}', propertySourceProperties = '{}', contextCustomizers = set[[empty]], contextLoader = 'org.springframework.test.context.support.DelegatingSmartContextLoader', parent = [null]], attributes = map['org.springframework.test.context.event.ApplicationEventsTestExecutionListener.recordApplicationEvents' -> false]]
]]></system-err>
  </testcase>
</testsuite>